<?xml version="1.0" encoding="UTF-8"?>
<!-- Generated by org.testng.reporters.JUnitXMLReporter -->
<testsuite hostname="KFAutie-S47" ignored="0" name="Default test" tests="3" failures="0" timestamp="18 Jul 2017 23:59:29 GMT" time="51.389" errors="0">
  <testcase name="getColorTest" time="28.366" classname="com.wbl.test.SearchDetailsTest"/>
  <testcase name="getQuantityTest" time="11.125" classname="com.wbl.test.SearchDetailsTest"/>
  <testcase name="getSizeTest" time="7.374" classname="com.wbl.test.SearchDetailsTest"/>
</testsuite> <!-- Default test -->
